<?xml version="1.0" encoding="UTF-8"?>
<testng-results ignored="0" total="2" passed="2" failed="0" skipped="0">
  <reporter-output>
  </reporter-output>
  <suite started-at="2020-07-29T12:52:37Z" name="Suite" finished-at="2020-07-29T12:54:45Z" duration-ms="128096">
    <groups>
    </groups>
    <test started-at="2020-07-29T12:52:37Z" name="AmazonApp" finished-at="2020-07-29T12:54:45Z" duration-ms="128096">
      <class name="tests.AmazonTest">
        <test-method is-config="true" signature="beforeSuite()[pri:0, instance:tests.AmazonTest@50dfbc58]" started-at="2020-07-29T12:52:34Z" name="beforeSuite" finished-at="2020-07-29T12:52:37Z" duration-ms="2737" status="PASS">
          <reporter-output>
          </reporter-output>
        </test-method> <!-- beforeSuite -->
        <test-method is-config="true" signature="beforeTest(java.lang.String, java.lang.String)[pri:0, instance:tests.AmazonTest@50dfbc58]" started-at="2020-07-29T12:52:37Z" name="beforeTest" finished-at="2020-07-29T12:53:14Z" duration-ms="37064" status="PASS">
          <params>
            <param index="0">
              <value>
                <![CDATA[Android]]>
              </value>
            </param>
            <param index="1">
              <value>
                <![CDATA[UiAutomator2]]>
              </value>
            </param>
          </params>
          <reporter-output>
          </reporter-output>
        </test-method> <!-- beforeTest -->
        <test-method is-config="true" signature="beforeClass()[pri:0, instance:tests.AmazonTest@50dfbc58]" started-at="2020-07-29T12:53:14Z" name="beforeClass" finished-at="2020-07-29T12:53:14Z" duration-ms="456" status="PASS">
          <reporter-output>
          </reporter-output>
        </test-method> <!-- beforeClass -->
        <test-method signature="login()[pri:1, instance:tests.AmazonTest@50dfbc58]" started-at="2020-07-29T12:53:14Z" name="login" finished-at="2020-07-29T12:53:43Z" duration-ms="28381" status="PASS">
          <reporter-output>
          </reporter-output>
        </test-method> <!-- login -->
        <test-method signature="orderTV()[pri:2, instance:tests.AmazonTest@50dfbc58]" started-at="2020-07-29T12:53:43Z" name="orderTV" finished-at="2020-07-29T12:54:34Z" duration-ms="50679" status="PASS">
          <reporter-output>
          </reporter-output>
        </test-method> <!-- orderTV -->
        <test-method is-config="true" signature="afterTest()[pri:0, instance:tests.AmazonTest@50dfbc58]" started-at="2020-07-29T12:54:35Z" name="afterTest" finished-at="2020-07-29T12:54:45Z" duration-ms="9607" status="PASS">
          <reporter-output>
          </reporter-output>
        </test-method> <!-- afterTest -->
        <test-method is-config="true" signature="afterSuite()[pri:0, instance:tests.AmazonTest@50dfbc58]" started-at="2020-07-29T12:54:45Z" name="afterSuite" finished-at="2020-07-29T12:54:45Z" duration-ms="52" status="PASS">
          <reporter-output>
          </reporter-output>
        </test-method> <!-- afterSuite -->
      </class> <!-- tests.AmazonTest -->
    </test> <!-- AmazonApp -->
  </suite> <!-- Suite -->
</testng-results>
