<?xml version="1.0" encoding="UTF-8"?>
<testng-results ignored="0" total="2" passed="2" failed="0" skipped="0">
  <reporter-output>
  </reporter-output>
  <suite started-at="2020-07-29T03:11:45Z" name="Suite" finished-at="2020-07-29T03:14:07Z" duration-ms="142580">
    <groups>
    </groups>
    <test started-at="2020-07-29T03:11:45Z" name="AmazonApp" finished-at="2020-07-29T03:14:07Z" duration-ms="142580">
      <class name="tests.AmazonTest">
        <test-method is-config="true" signature="beforeSuite()[pri:0, instance:tests.AmazonTest@4eaf3684]" started-at="2020-07-29T03:11:41Z" name="beforeSuite" finished-at="2020-07-29T03:11:45Z" duration-ms="3897" status="PASS">
          <reporter-output>
          </reporter-output>
        </test-method> <!-- beforeSuite -->
        <test-method is-config="true" signature="beforeTest(java.lang.String, java.lang.String)[pri:0, instance:tests.AmazonTest@4eaf3684]" started-at="2020-07-29T03:11:45Z" name="beforeTest" finished-at="2020-07-29T03:12:32Z" duration-ms="47799" status="PASS">
          <params>
            <param index="0">
              <value>
                <![CDATA[Android]]>
              </value>
            </param>
            <param index="1">
              <value>
                <![CDATA[UiAutomator2]]>
              </value>
            </param>
          </params>
          <reporter-output>
          </reporter-output>
        </test-method> <!-- beforeTest -->
        <test-method signature="login()[pri:0, instance:tests.AmazonTest@4eaf3684]" started-at="2020-07-29T03:12:32Z" name="login" finished-at="2020-07-29T03:13:08Z" duration-ms="35639" status="PASS">
          <reporter-output>
          </reporter-output>
        </test-method> <!-- login -->
        <test-method signature="orderTV()[pri:0, instance:tests.AmazonTest@4eaf3684]" started-at="2020-07-29T03:13:10Z" name="orderTV" finished-at="2020-07-29T03:13:54Z" duration-ms="44844" status="PASS">
          <reporter-output>
          </reporter-output>
        </test-method> <!-- orderTV -->
        <test-method is-config="true" signature="afterTest()[pri:0, instance:tests.AmazonTest@4eaf3684]" started-at="2020-07-29T03:13:55Z" name="afterTest" finished-at="2020-07-29T03:14:07Z" duration-ms="11595" status="PASS">
          <reporter-output>
          </reporter-output>
        </test-method> <!-- afterTest -->
        <test-method is-config="true" signature="afterSuite()[pri:0, instance:tests.AmazonTest@4eaf3684]" started-at="2020-07-29T03:14:07Z" name="afterSuite" finished-at="2020-07-29T03:14:07Z" duration-ms="112" status="PASS">
          <reporter-output>
          </reporter-output>
        </test-method> <!-- afterSuite -->
      </class> <!-- tests.AmazonTest -->
    </test> <!-- AmazonApp -->
  </suite> <!-- Suite -->
</testng-results>
